[2022-09-29T08:06:59.844] [ERROR] default - Error: self signed certificate in certificate chain
    at TLSSocket.onConnectSecure (node:_tls_wrap:1532:34)
    at TLSSocket.emit (node:events:527:28)
    at TLSSocket._finishInit (node:_tls_wrap:946:8)
    at TLSWrap.ssl.onhandshakedone (node:_tls_wrap:727:12) {
  code: 'ESOCKET',
  command: 'CONN'
}
[2022-09-29T08:12:01.488] [ERROR] default - Error: self signed certificate in certificate chain
    at TLSSocket.onConnectSecure (node:_tls_wrap:1532:34)
    at TLSSocket.emit (node:events:527:28)
    at TLSSocket._finishInit (node:_tls_wrap:946:8)
    at TLSWrap.ssl.onhandshakedone (node:_tls_wrap:727:12) {
  code: 'ESOCKET',
  command: 'CONN'
}
[2022-09-29T08:12:02.586] [ERROR] default - RestException [Error]: Authenticate
    at success (C:\Users\Usuario\Documents\Backend\BackendCoderPages\Desafio 19\node_modules\twilio\lib\base\Version.js:135:15)
    at Promise_then_fulfilled (C:\Users\Usuario\Documents\Backend\BackendCoderPages\Desafio 19\node_modules\q\q.js:766:44)
    at Promise_done_fulfilled (C:\Users\Usuario\Documents\Backend\BackendCoderPages\Desafio 19\node_modules\q\q.js:835:31)
    at Fulfilled_dispatch [as dispatch] (C:\Users\Usuario\Documents\Backend\BackendCoderPages\Desafio 19\node_modules\q\q.js:1229:9)
    at Pending_become_eachMessage_task (C:\Users\Usuario\Documents\Backend\BackendCoderPages\Desafio 19\node_modules\q\q.js:1369:30)
    at RawTask.call (C:\Users\Usuario\Documents\Backend\BackendCoderPages\Desafio 19\node_modules\asap\asap.js:40:19)
    at flush (C:\Users\Usuario\Documents\Backend\BackendCoderPages\Desafio 19\node_modules\asap\raw.js:50:29)
    at processTicksAndRejections (node:internal/process/task_queues:78:11) {
  status: 401,
  code: 20003,
  moreInfo: 'https://www.twilio.com/docs/errors/20003',
  details: undefined
}
[2022-09-29T08:15:30.701] [ERROR] default - Error: self signed certificate in certificate chain
    at TLSSocket.onConnectSecure (node:_tls_wrap:1532:34)
    at TLSSocket.emit (node:events:527:28)
    at TLSSocket._finishInit (node:_tls_wrap:946:8)
    at TLSWrap.ssl.onhandshakedone (node:_tls_wrap:727:12) {
  code: 'ESOCKET',
  command: 'CONN'
}
[2022-09-29T08:16:22.554] [ERROR] default - Error: self signed certificate in certificate chain
    at TLSSocket.onConnectSecure (node:_tls_wrap:1532:34)
    at TLSSocket.emit (node:events:527:28)
    at TLSSocket._finishInit (node:_tls_wrap:946:8)
    at TLSWrap.ssl.onhandshakedone (node:_tls_wrap:727:12) {
  code: 'ESOCKET',
  command: 'CONN'
}
[2022-09-29T08:16:23.282] [ERROR] default - RestException [Error]: Authenticate
    at success (C:\Users\Usuario\Documents\Backend\BackendCoderPages\Desafio 19\node_modules\twilio\lib\base\Version.js:135:15)
    at Promise_then_fulfilled (C:\Users\Usuario\Documents\Backend\BackendCoderPages\Desafio 19\node_modules\q\q.js:766:44)
    at Promise_done_fulfilled (C:\Users\Usuario\Documents\Backend\BackendCoderPages\Desafio 19\node_modules\q\q.js:835:31)
    at Fulfilled_dispatch [as dispatch] (C:\Users\Usuario\Documents\Backend\BackendCoderPages\Desafio 19\node_modules\q\q.js:1229:9)
    at Pending_become_eachMessage_task (C:\Users\Usuario\Documents\Backend\BackendCoderPages\Desafio 19\node_modules\q\q.js:1369:30)
    at RawTask.call (C:\Users\Usuario\Documents\Backend\BackendCoderPages\Desafio 19\node_modules\asap\asap.js:40:19)
    at flush (C:\Users\Usuario\Documents\Backend\BackendCoderPages\Desafio 19\node_modules\asap\raw.js:50:29)
    at processTicksAndRejections (node:internal/process/task_queues:78:11) {
  status: 401,
  code: 20003,
  moreInfo: 'https://www.twilio.com/docs/errors/20003',
  details: undefined
}
[2022-09-29T08:16:30.980] [ERROR] default - Error: self signed certificate in certificate chain
    at TLSSocket.onConnectSecure (node:_tls_wrap:1532:34)
    at TLSSocket.emit (node:events:527:28)
    at TLSSocket._finishInit (node:_tls_wrap:946:8)
    at TLSWrap.ssl.onhandshakedone (node:_tls_wrap:727:12) {
  code: 'ESOCKET',
  command: 'CONN'
}
[2022-09-29T08:16:31.687] [ERROR] default - RestException [Error]: Authenticate
    at success (C:\Users\Usuario\Documents\Backend\BackendCoderPages\Desafio 19\node_modules\twilio\lib\base\Version.js:135:15)
    at Promise_then_fulfilled (C:\Users\Usuario\Documents\Backend\BackendCoderPages\Desafio 19\node_modules\q\q.js:766:44)
    at Promise_done_fulfilled (C:\Users\Usuario\Documents\Backend\BackendCoderPages\Desafio 19\node_modules\q\q.js:835:31)
    at Fulfilled_dispatch [as dispatch] (C:\Users\Usuario\Documents\Backend\BackendCoderPages\Desafio 19\node_modules\q\q.js:1229:9)
    at Pending_become_eachMessage_task (C:\Users\Usuario\Documents\Backend\BackendCoderPages\Desafio 19\node_modules\q\q.js:1369:30)
    at RawTask.call (C:\Users\Usuario\Documents\Backend\BackendCoderPages\Desafio 19\node_modules\asap\asap.js:40:19)
    at flush (C:\Users\Usuario\Documents\Backend\BackendCoderPages\Desafio 19\node_modules\asap\raw.js:50:29)
    at processTicksAndRejections (node:internal/process/task_queues:78:11) {
  status: 401,
  code: 20003,
  moreInfo: 'https://www.twilio.com/docs/errors/20003',
  details: undefined
}
[2022-09-29T08:16:52.293] [ERROR] default - Error: self signed certificate in certificate chain
    at TLSSocket.onConnectSecure (node:_tls_wrap:1532:34)
    at TLSSocket.emit (node:events:527:28)
    at TLSSocket._finishInit (node:_tls_wrap:946:8)
    at TLSWrap.ssl.onhandshakedone (node:_tls_wrap:727:12) {
  code: 'ESOCKET',
  command: 'CONN'
}
[2022-09-29T08:16:53.173] [ERROR] default - RestException [Error]: Authenticate
    at success (C:\Users\Usuario\Documents\Backend\BackendCoderPages\Desafio 19\node_modules\twilio\lib\base\Version.js:135:15)
    at Promise_then_fulfilled (C:\Users\Usuario\Documents\Backend\BackendCoderPages\Desafio 19\node_modules\q\q.js:766:44)
    at Promise_done_fulfilled (C:\Users\Usuario\Documents\Backend\BackendCoderPages\Desafio 19\node_modules\q\q.js:835:31)
    at Fulfilled_dispatch [as dispatch] (C:\Users\Usuario\Documents\Backend\BackendCoderPages\Desafio 19\node_modules\q\q.js:1229:9)
    at Pending_become_eachMessage_task (C:\Users\Usuario\Documents\Backend\BackendCoderPages\Desafio 19\node_modules\q\q.js:1369:30)
    at RawTask.call (C:\Users\Usuario\Documents\Backend\BackendCoderPages\Desafio 19\node_modules\asap\asap.js:40:19)
    at flush (C:\Users\Usuario\Documents\Backend\BackendCoderPages\Desafio 19\node_modules\asap\raw.js:50:29)
    at processTicksAndRejections (node:internal/process/task_queues:78:11) {
  status: 401,
  code: 20003,
  moreInfo: 'https://www.twilio.com/docs/errors/20003',
  details: undefined
}
[2022-09-29T08:16:57.337] [ERROR] default - Error: self signed certificate in certificate chain
    at TLSSocket.onConnectSecure (node:_tls_wrap:1532:34)
    at TLSSocket.emit (node:events:527:28)
    at TLSSocket._finishInit (node:_tls_wrap:946:8)
    at TLSWrap.ssl.onhandshakedone (node:_tls_wrap:727:12) {
  code: 'ESOCKET',
  command: 'CONN'
}
[2022-09-29T08:16:58.065] [ERROR] default - RestException [Error]: Authenticate
    at success (C:\Users\Usuario\Documents\Backend\BackendCoderPages\Desafio 19\node_modules\twilio\lib\base\Version.js:135:15)
    at Promise_then_fulfilled (C:\Users\Usuario\Documents\Backend\BackendCoderPages\Desafio 19\node_modules\q\q.js:766:44)
    at Promise_done_fulfilled (C:\Users\Usuario\Documents\Backend\BackendCoderPages\Desafio 19\node_modules\q\q.js:835:31)
    at Fulfilled_dispatch [as dispatch] (C:\Users\Usuario\Documents\Backend\BackendCoderPages\Desafio 19\node_modules\q\q.js:1229:9)
    at Pending_become_eachMessage_task (C:\Users\Usuario\Documents\Backend\BackendCoderPages\Desafio 19\node_modules\q\q.js:1369:30)
    at RawTask.call (C:\Users\Usuario\Documents\Backend\BackendCoderPages\Desafio 19\node_modules\asap\asap.js:40:19)
    at flush (C:\Users\Usuario\Documents\Backend\BackendCoderPages\Desafio 19\node_modules\asap\raw.js:50:29)
    at processTicksAndRejections (node:internal/process/task_queues:78:11) {
  status: 401,
  code: 20003,
  moreInfo: 'https://www.twilio.com/docs/errors/20003',
  details: undefined
}
[2022-09-29T08:18:58.875] [ERROR] default - Error: self signed certificate in certificate chain
    at TLSSocket.onConnectSecure (node:_tls_wrap:1532:34)
    at TLSSocket.emit (node:events:527:28)
    at TLSSocket._finishInit (node:_tls_wrap:946:8)
    at TLSWrap.ssl.onhandshakedone (node:_tls_wrap:727:12) {
  code: 'ESOCKET',
  command: 'CONN'
}
